<?xml version="1.0" encoding="UTF-8"?>
<testsuite xmlns:xsi="http://www.w3.org/2001/XMLSchema-instance" xsi:noNamespaceSchemaLocation="https://maven.apache.org/surefire/maven-surefire-plugin/xsd/surefire-test-report-3.0.xsd" version="3.0" name="com.example.demo.UserControllerTest" time="0.536" tests="2" errors="0" skipped="0" failures="0">
  <properties>
[...]
</properties>
  <testcase name="testGetAllUsers" classname="com.example.demo.UserControllerTest" time="0.017">
    <system-out><![CDATA[2025-09-18T15:47:02.474-03:00  INFO 12712 --- [           main] t.c.s.AnnotationConfigContextLoaderUtils : Could not detect default configuration classes for test class [com.example.demo.UserControllerTest]: UserControllerTest does not declare any static, non-private, non-final, nested classes annotated with @Configuration.
2025-09-18T15:47:02.519-03:00  INFO 12712 --- [           main] .b.t.c.SpringBootTestContextBootstrapper : Found @SpringBootConfiguration com.example.demo.DemoApplication for test class com.example.demo.UserControllerTest


   █████ █████  █████ ███████████  █████
  ▒▒███ ▒▒███  ▒▒███ ▒▒███▒▒▒▒▒███▒▒███ 
   ▒███  ▒███   ▒███  ▒██████████  ▒███ 
   ▒███  ▒███   ▒███  ▒███▒▒▒▒▒███ ▒███ 
   ▒███  ▒███   ▒███  ▒███    ▒███ ▒███ 
   █████ ▒▒████████   ███████████  █████
  ▒▒▒▒▒   ▒▒▒▒▒▒▒▒   ▒▒▒▒▒▒▒▒▒▒▒  ▒▒▒▒▒

     -<([{ FITec / GE21 - 2025 }])>-
       
Service: Spring Boot Open API
Version: 1.0.0

2025-09-18T15:47:02.620-03:00  INFO 12712 --- [           main] com.example.demo.UserControllerTest      : Starting UserControllerTest using Java 17.0.12 with PID 12712 (started by kdeataide in c:\Develop\workspace\springboot-openapi)
2025-09-18T15:47:02.621-03:00  INFO 12712 --- [           main] com.example.demo.UserControllerTest      : No active profile set, falling back to 1 default profile: "default"
2025-09-18T15:47:02.965-03:00  INFO 12712 --- [           main] o.s.b.t.m.w.SpringBootMockServletContext : Initializing Spring TestDispatcherServlet ''
2025-09-18T15:47:02.966-03:00  INFO 12712 --- [           main] o.s.t.web.servlet.TestDispatcherServlet  : Initializing Servlet ''
2025-09-18T15:47:02.967-03:00  INFO 12712 --- [           main] o.s.t.web.servlet.TestDispatcherServlet  : Completed initialization in 1 ms
2025-09-18T15:47:02.973-03:00  INFO 12712 --- [           main] com.example.demo.UserControllerTest      : Started UserControllerTest in 0.445 seconds (process running for 10.218)
]]></system-out>
  </testcase>
  <testcase name="testGetUserById" classname="com.example.demo.UserControllerTest" time="0.009"/>
</testsuite>